<?xml version="1.0" encoding="UTF-8"?>
<testsuite name="TestSuite" time="3.271" tests="3" errors="0" skipped="0" failures="0">
  <properties>
[...]
</properties>
  <testcase name="getWeatherForCity" classname="test.city.WeatherConditionsForCity" time="2.122"/>
  <testcase name="getWeatherAtSpecifiedCoordinatesOneObservation" classname="test.gps.WeatherConditionsByCoordinates" time="0.575"/>
  <testcase name="getWeatherAtSpecifiedCoordinatesMultipleObservations" classname="test.gps.WeatherConditionsByCoordinates" time="0.574"/>
</testsuite>