<?xml version="1.0" encoding="UTF-8"?>
<testng-results skipped="0" failed="0" ignored="2" total="5" passed="3">
  <reporter-output>
    <line>
      <![CDATA[Request URL: https://weather.cit.api.here.com/weather/1.0/report.json]]>
    </line>
    <line>
      <![CDATA[*******************************************************************************************************************************]]>
    </line>
    <line>
      <![CDATA[Response Body: {"observations":{"location":[{"observation":[{"daylight":"D","description":"Passing clouds. Warm.","skyInfo":"7","skyDescription":"Passing clouds","temperature":"26.00","temperatureDesc":"Warm","comfort":"26.84","highTemperature":"25.90","lowTemperature":"21.20","humidity":"58","dewPoint":"17.00","precipitation1H":"*","precipitation3H":"*","precipitation6H":"*","precipitation12H":"*","precipitation24H":"*","precipitationDesc":"","airInfo":"*","airDescription":"","windSpeed":"16.68","windDirection":"170","windDesc":"South","windDescShort":"S","barometerPressure":"1013.21","barometerTrend":"","visibility":"*","snowCover":"*","icon":"2","iconName":"mostly_sunny","iconLink":"https://weather.cit.api.here.com/static/weather/icon/2.png","ageMinutes":"18","activeAlerts":"0","country":"Spain","state":"Catalonia","city":"Barcelona","latitude":41.3888,"longitude":2.1590,"distance":14.05,"elevation":15.00,"utcTime":"2017-07-26T18:00:00.000+02:00"}],"country":"Spain","state":"Catalonia","city":"Barcelona","latitude":41.38879,"longitude":2.15899,"distance":0.00,"timezone":1},{"observation":[{"daylight":"D","description":"Overcast. Warm.","skyInfo":"18","skyDescription":"Overcast","temperature":"27.22","temperatureDesc":"Warm","comfort":"27.95","highTemperature":"*","lowTemperature":"*","humidity":"55","dewPoint":"17.28","precipitation1H":"*","precipitation3H":"0.00","precipitation6H":"*","precipitation12H":"*","precipitation24H":"*","precipitationDesc":"","airInfo":"*","airDescription":"","windSpeed":"16.68","windDirection":"180","windDesc":"South","windDescShort":"S","barometerPressure":"1013.80","barometerTrend":"Falling","visibility":"30.25","snowCover":"*","icon":"7","iconName":"cloudy","iconLink":"https://weather.cit.api.here.com/static/weather/icon/17.png","ageMinutes":"78","activeAlerts":"0","country":"Spain","state":"Catalonia","city":"Barcelona / Aeropuerto","latitude":41.2833,"longitude":2.0667,"distance":14.05,"elevation":4.00,"utcTime":"2017-07-26T17:00:00.000+02:00"}],"country":"Spain","state":"Catalonia","city":"Barcelona / Aeropuerto","latitude":41.2833,"longitude":2.0667,"distance":14.05,"timezone":1},{"observation":[{"daylight":"D","description":"Scattered clouds. Warm.","skyInfo":"9","skyDescription":"Scattered clouds","temperature":"26.00","temperatureDesc":"Warm","comfort":"26.98","highTemperature":"*","lowTemperature":"*","humidity":"61","dewPoint":"18.00","precipitation1H":"*","precipitation3H":"*","precipitation6H":"*","precipitation12H":"*","precipitation24H":"*","precipitationDesc":"","airInfo":"*","airDescription":"","windSpeed":"16.68","windDirection":"130","windDesc":"Southeast","windDescShort":"SE","barometerPressure":"1014.23","barometerTrend":"","visibility":"*","snowCover":"*","icon":"2","iconName":"mostly_sunny","iconLink":"https://weather.cit.api.here.com/static/weather/icon/2.png","ageMinutes":"18","activeAlerts":"0","country":"Spain","state":"Catalonia","city":"Sabadell Airport","latitude":41.5100,"longitude":2.1000,"distance":14.36,"elevation":182.00,"utcTime":"2017-07-26T18:00:00.000+02:00"}],"country":"Spain","state":"Catalonia","city":"Sabadell Airport","latitude":41.51,"longitude":2.1,"distance":14.36,"timezone":1},{"observation":[{"daylight":"D","description":"Passing clouds. Warm.","skyInfo":"7","skyDescription":"Passing clouds","temperature":"25.00","temperatureDesc":"Warm","comfort":"25.97","highTemperature":"*","lowTemperature":"*","humidity":"57","dewPoint":"16.00","precipitation1H":"*","precipitation3H":"*","precipitation6H":"*","precipitation12H":"*","precipitation24H":"*","precipitationDesc":"","airInfo":"*","airDescription":"","windSpeed":"16.68","windDirection":"180","windDesc":"South","windDescShort":"S","barometerPressure":"1013.21","barometerTrend":"","visibility":"*","snowCover":"*","icon":"2","iconName":"mostly_sunny","iconLink":"https://weather.cit.api.here.com/static/weather/icon/2.png","ageMinutes":"18","activeAlerts":"0","country":"Spain","state":"Catalonia","city":"Gerona / Costa Brava","latitude":41.9010,"longitude":2.7605,"distance":75.86,"elevation":129.00,"utcTime":"2017-07-26T18:00:00.000+02:00"}],"country":"Spain","state":"Catalonia","city":"Gerona / Costa Brava","latitude":41.901,"longitude":2.7605,"distance":75.86,"timezone":1},{"observation":[{"daylight":"D","description":"Overcast. Warm.","skyInfo":"18","skyDescription":"Overcast","temperature":"25.89","temperatureDesc":"Warm","comfort":"26.66","highTemperature":"*","lowTemperature":"*","humidity":"55","dewPoint":"16.22","precipitation1H":"*","precipitation3H":"0.00","precipitation6H":"*","precipitation12H":"*","precipitation24H":"*","precipitationDesc":"","airInfo":"*","airDescription":"","windSpeed":"18.53","windDirection":"200","windDesc":"South","windDescShort":"S","barometerPressure":"1012.50","barometerTrend":"Falling","visibility":"25.11","snowCover":"*","icon":"7","iconName":"cloudy","iconLink":"https://weather.cit.api.here.com/static/weather/icon/17.png","ageMinutes":"78","activeAlerts":"0","country":"Spain","state":"Catalonia","city":"Gerona / Costa Brava","latitude":41.9000,"longitude":2.7667,"distance":76.12,"elevation":123.00,"utcTime":"2017-07-26T17:00:00.000+02:00"}],"country":"Spain","state":"Catalonia","city":"Gerona / Costa Brava","latitude":41.9,"longitude":2.7667,"distance":76.12,"timezone":1},{"observation":[{"daylight":"D","description":"Partly sunny. Warm.","skyInfo":"14","skyDescription":"Partly sunny","temperature":"27.72","temperatureDesc":"Warm","comfort":"28.50","highTemperature":"*","lowTemperature":"*","humidity":"54","dewPoint":"17.61","precipitation1H":"*","precipitation3H":"0.00","precipitation6H":"*","precipitation12H":"*","precipitation24H":"*","precipitationDesc":"","airInfo":"*","airDescription":"","windSpeed":"14.83","windDirection":"130","windDesc":"Southeast","windDescShort":"SE","barometerPressure":"1013.20","barometerTrend":"Falling","visibility":"26.07","snowCover":"*","icon":"6","iconName":"mostly_cloudy","iconLink":"https://weather.cit.api.here.com/static/weather/icon/17.png","ageMinutes":"78","activeAlerts":"0","country":"Spain","state":"Catalonia","city":"Reus / Aeropuerto","latitude":41.1500,"longitude":1.1667,"distance":87.18,"elevation":73.00,"utcTime":"2017-07-26T17:00:00.000+02:00"}],"country":"Spain","state":"Catalonia","city":"Reus / Aeropuerto","latitude":41.15,"longitude":1.1667,"distance":87.18,"timezone":1},{"observation":[{"daylight":"D","description":"Sunny. Warm.","skyInfo":"1","skyDescription":"Sunny","temperature":"27.00","temperatureDesc":"Warm","comfort":"27.93","highTemperature":"*","lowTemperature":"*","humidity":"58","dewPoint":"18.00","precipitation1H":"*","precipitation3H":"*","precipitation6H":"*","precipitation12H":"*","precipitation24H":"*","precipitationDesc":"","airInfo":"*","airDescription":"","windSpeed":"11.12","windDirection":"0","windDesc":"North","windDescShort":"N","barometerPressure":"1013.21","barometerTrend":"","visibility":"16.09","snowCover":"*","icon":"1","iconName":"sunny","iconLink":"https://weather.cit.api.here.com/static/weather/icon/1.png","ageMinutes":"18","activeAlerts":"0","country":"Spain","state":"Catalonia","city":"Reus / Aeropuerto","latitude":41.1474,"longitude":1.1672,"distance":87.23,"elevation":76.00,"utcTime":"2017-07-26T18:00:00.000+02:00"}],"country":"Spain","state":"Catalonia","city":"Reus / Aeropuerto","latitude":41.1474,"longitude":1.1672,"distance":87.23,"timezone":1}]},"feedCreation":"2017-07-26T16:18:36.717Z","metric":true}]]>
    </line>
    <line>
      <![CDATA[*******************************************************************************************************************************]]>
    </line>
    <line>
      <![CDATA[Request URL: https://weather.cit.api.here.com/weather/1.0/report.json]]>
    </line>
    <line>
      <![CDATA[*******************************************************************************************************************************]]>
    </line>
    <line>
      <![CDATA[Response Body: {"observations":{"location":[{"observation":[{"daylight":"D","description":"Light rain. Cloudy. Mild.","skyInfo":"17","skyDescription":"Cloudy","temperature":"20.11","temperatureDesc":"Mild","comfort":"20.11","highTemperature":"24.70","lowTemperature":"13.90","humidity":"83","dewPoint":"17.11","precipitation1H":"*","precipitation3H":"0.00","precipitation6H":"*","precipitation12H":"*","precipitation24H":"*","precipitationDesc":"Light rain","airInfo":"*","airDescription":"","windSpeed":"11.12","windDirection":"230","windDesc":"Southwest","windDescShort":"SW","barometerPressure":"1011.60","barometerTrend":"Falling","visibility":"11.10","snowCover":"0.00","icon":"18","iconName":"sprinkles","iconLink":"https://weather.cit.api.here.com/static/weather/icon/27.png","ageMinutes":"78","activeAlerts":"0","country":"France","state":"Île-de-France","city":"Paris","latitude":48.8534,"longitude":2.3486,"distance":4.21,"elevation":0.00,"utcTime":"2017-07-26T17:00:00.000+02:00"}],"country":"France","state":"Île-de-France","city":"Paris","latitude":48.8534,"longitude":2.3486,"distance":0.00,"timezone":1}]},"feedCreation":"2017-07-26T16:18:37.724Z","metric":true}]]>
    </line>
    <line>
      <![CDATA[*******************************************************************************************************************************]]>
    </line>
    <line>
      <![CDATA[Request URL: https://weather.cit.api.here.com/weather/1.0/report.json]]>
    </line>
    <line>
      <![CDATA[*******************************************************************************************************************************]]>
    </line>
    <line>
      <![CDATA[Response Body: {"observations":{"location":[{"observation":[{"daylight":"D","description":"Passing clouds. Warm.","skyInfo":"7","skyDescription":"Passing clouds","temperature":"26.00","temperatureDesc":"Warm","comfort":"26.84","highTemperature":"25.90","lowTemperature":"21.20","humidity":"58","dewPoint":"17.00","precipitation1H":"*","precipitation3H":"*","precipitation6H":"*","precipitation12H":"*","precipitation24H":"*","precipitationDesc":"","airInfo":"*","airDescription":"","windSpeed":"16.68","windDirection":"170","windDesc":"South","windDescShort":"S","barometerPressure":"1013.21","barometerTrend":"","visibility":"*","snowCover":"*","icon":"2","iconName":"mostly_sunny","iconLink":"https://weather.cit.api.here.com/static/weather/icon/2.png","ageMinutes":"18","activeAlerts":"0","country":"Spain","state":"Catalonia","city":"Barcelona","latitude":41.3888,"longitude":2.1590,"distance":14.05,"elevation":15.00,"utcTime":"2017-07-26T18:00:00.000+02:00"}],"country":"Spain","state":"Catalonia","city":"Barcelona","latitude":41.38879,"longitude":2.15899,"distance":0.00,"timezone":1},{"observation":[{"daylight":"D","description":"Overcast. Warm.","skyInfo":"18","skyDescription":"Overcast","temperature":"27.22","temperatureDesc":"Warm","comfort":"27.95","highTemperature":"*","lowTemperature":"*","humidity":"55","dewPoint":"17.28","precipitation1H":"*","precipitation3H":"0.00","precipitation6H":"*","precipitation12H":"*","precipitation24H":"*","precipitationDesc":"","airInfo":"*","airDescription":"","windSpeed":"16.68","windDirection":"180","windDesc":"South","windDescShort":"S","barometerPressure":"1013.80","barometerTrend":"Falling","visibility":"30.25","snowCover":"*","icon":"7","iconName":"cloudy","iconLink":"https://weather.cit.api.here.com/static/weather/icon/17.png","ageMinutes":"78","activeAlerts":"0","country":"Spain","state":"Catalonia","city":"Barcelona / Aeropuerto","latitude":41.2833,"longitude":2.0667,"distance":14.05,"elevation":4.00,"utcTime":"2017-07-26T17:00:00.000+02:00"}],"country":"Spain","state":"Catalonia","city":"Barcelona / Aeropuerto","latitude":41.2833,"longitude":2.0667,"distance":14.05,"timezone":1},{"observation":[{"daylight":"D","description":"Scattered clouds. Warm.","skyInfo":"9","skyDescription":"Scattered clouds","temperature":"26.00","temperatureDesc":"Warm","comfort":"26.98","highTemperature":"*","lowTemperature":"*","humidity":"61","dewPoint":"18.00","precipitation1H":"*","precipitation3H":"*","precipitation6H":"*","precipitation12H":"*","precipitation24H":"*","precipitationDesc":"","airInfo":"*","airDescription":"","windSpeed":"16.68","windDirection":"130","windDesc":"Southeast","windDescShort":"SE","barometerPressure":"1014.23","barometerTrend":"","visibility":"*","snowCover":"*","icon":"2","iconName":"mostly_sunny","iconLink":"https://weather.cit.api.here.com/static/weather/icon/2.png","ageMinutes":"18","activeAlerts":"0","country":"Spain","state":"Catalonia","city":"Sabadell Airport","latitude":41.5100,"longitude":2.1000,"distance":14.36,"elevation":182.00,"utcTime":"2017-07-26T18:00:00.000+02:00"}],"country":"Spain","state":"Catalonia","city":"Sabadell Airport","latitude":41.51,"longitude":2.1,"distance":14.36,"timezone":1},{"observation":[{"daylight":"D","description":"Passing clouds. Warm.","skyInfo":"7","skyDescription":"Passing clouds","temperature":"25.00","temperatureDesc":"Warm","comfort":"25.97","highTemperature":"*","lowTemperature":"*","humidity":"57","dewPoint":"16.00","precipitation1H":"*","precipitation3H":"*","precipitation6H":"*","precipitation12H":"*","precipitation24H":"*","precipitationDesc":"","airInfo":"*","airDescription":"","windSpeed":"16.68","windDirection":"180","windDesc":"South","windDescShort":"S","barometerPressure":"1013.21","barometerTrend":"","visibility":"*","snowCover":"*","icon":"2","iconName":"mostly_sunny","iconLink":"https://weather.cit.api.here.com/static/weather/icon/2.png","ageMinutes":"18","activeAlerts":"0","country":"Spain","state":"Catalonia","city":"Gerona / Costa Brava","latitude":41.9010,"longitude":2.7605,"distance":75.86,"elevation":129.00,"utcTime":"2017-07-26T18:00:00.000+02:00"}],"country":"Spain","state":"Catalonia","city":"Gerona / Costa Brava","latitude":41.901,"longitude":2.7605,"distance":75.86,"timezone":1},{"observation":[{"daylight":"D","description":"Overcast. Warm.","skyInfo":"18","skyDescription":"Overcast","temperature":"25.89","temperatureDesc":"Warm","comfort":"26.66","highTemperature":"*","lowTemperature":"*","humidity":"55","dewPoint":"16.22","precipitation1H":"*","precipitation3H":"0.00","precipitation6H":"*","precipitation12H":"*","precipitation24H":"*","precipitationDesc":"","airInfo":"*","airDescription":"","windSpeed":"18.53","windDirection":"200","windDesc":"South","windDescShort":"S","barometerPressure":"1012.50","barometerTrend":"Falling","visibility":"25.11","snowCover":"*","icon":"7","iconName":"cloudy","iconLink":"https://weather.cit.api.here.com/static/weather/icon/17.png","ageMinutes":"78","activeAlerts":"0","country":"Spain","state":"Catalonia","city":"Gerona / Costa Brava","latitude":41.9000,"longitude":2.7667,"distance":76.12,"elevation":123.00,"utcTime":"2017-07-26T17:00:00.000+02:00"}],"country":"Spain","state":"Catalonia","city":"Gerona / Costa Brava","latitude":41.9,"longitude":2.7667,"distance":76.12,"timezone":1},{"observation":[{"daylight":"D","description":"Partly sunny. Warm.","skyInfo":"14","skyDescription":"Partly sunny","temperature":"27.72","temperatureDesc":"Warm","comfort":"28.50","highTemperature":"*","lowTemperature":"*","humidity":"54","dewPoint":"17.61","precipitation1H":"*","precipitation3H":"0.00","precipitation6H":"*","precipitation12H":"*","precipitation24H":"*","precipitationDesc":"","airInfo":"*","airDescription":"","windSpeed":"14.83","windDirection":"130","windDesc":"Southeast","windDescShort":"SE","barometerPressure":"1013.20","barometerTrend":"Falling","visibility":"26.07","snowCover":"*","icon":"6","iconName":"mostly_cloudy","iconLink":"https://weather.cit.api.here.com/static/weather/icon/17.png","ageMinutes":"78","activeAlerts":"0","country":"Spain","state":"Catalonia","city":"Reus / Aeropuerto","latitude":41.1500,"longitude":1.1667,"distance":87.18,"elevation":73.00,"utcTime":"2017-07-26T17:00:00.000+02:00"}],"country":"Spain","state":"Catalonia","city":"Reus / Aeropuerto","latitude":41.15,"longitude":1.1667,"distance":87.18,"timezone":1},{"observation":[{"daylight":"D","description":"Sunny. Warm.","skyInfo":"1","skyDescription":"Sunny","temperature":"27.00","temperatureDesc":"Warm","comfort":"27.93","highTemperature":"*","lowTemperature":"*","humidity":"58","dewPoint":"18.00","precipitation1H":"*","precipitation3H":"*","precipitation6H":"*","precipitation12H":"*","precipitation24H":"*","precipitationDesc":"","airInfo":"*","airDescription":"","windSpeed":"11.12","windDirection":"0","windDesc":"North","windDescShort":"N","barometerPressure":"1013.21","barometerTrend":"","visibility":"16.09","snowCover":"*","icon":"1","iconName":"sunny","iconLink":"https://weather.cit.api.here.com/static/weather/icon/1.png","ageMinutes":"18","activeAlerts":"0","country":"Spain","state":"Catalonia","city":"Reus / Aeropuerto","latitude":41.1474,"longitude":1.1672,"distance":87.23,"elevation":76.00,"utcTime":"2017-07-26T18:00:00.000+02:00"}],"country":"Spain","state":"Catalonia","city":"Reus / Aeropuerto","latitude":41.1474,"longitude":1.1672,"distance":87.23,"timezone":1}]},"feedCreation":"2017-07-26T16:18:38.295Z","metric":true}]]>
    </line>
    <line>
      <![CDATA[*******************************************************************************************************************************]]>
    </line>
  </reporter-output>
  <suite name="Here Weather" duration-ms="3386" started-at="2017-07-26T16:18:34Z" finished-at="2017-07-26T16:18:38Z">
    <groups>
    </groups>
    <test name="WeatherConditionsForCity" duration-ms="2189" started-at="2017-07-26T16:18:34Z" finished-at="2017-07-26T16:18:37Z">
      <class name="test.city.WeatherConditionsForCity">
        <test-method status="PASS" signature="setUp()[pri:0, instance:test.city.WeatherConditionsForCity@2f7c7260]" name="setUp" is-config="true" duration-ms="6" started-at="2017-07-26T19:18:35Z" finished-at="2017-07-26T19:18:35Z">
          <reporter-output>
          </reporter-output>
        </test-method> <!-- setUp -->
        <test-method status="PASS" signature="getWeatherForCity()[pri:0, instance:test.city.WeatherConditionsForCity@2f7c7260]" name="getWeatherForCity" duration-ms="2119" started-at="2017-07-26T19:18:35Z" finished-at="2017-07-26T19:18:37Z">
          <reporter-output>
            <line>
              <![CDATA[Request URL: https://weather.cit.api.here.com/weather/1.0/report.json]]>
            </line>
            <line>
              <![CDATA[*******************************************************************************************************************************]]>
            </line>
            <line>
              <![CDATA[Response Body: {"observations":{"location":[{"observation":[{"daylight":"D","description":"Passing clouds. Warm.","skyInfo":"7","skyDescription":"Passing clouds","temperature":"26.00","temperatureDesc":"Warm","comfort":"26.84","highTemperature":"25.90","lowTemperature":"21.20","humidity":"58","dewPoint":"17.00","precipitation1H":"*","precipitation3H":"*","precipitation6H":"*","precipitation12H":"*","precipitation24H":"*","precipitationDesc":"","airInfo":"*","airDescription":"","windSpeed":"16.68","windDirection":"170","windDesc":"South","windDescShort":"S","barometerPressure":"1013.21","barometerTrend":"","visibility":"*","snowCover":"*","icon":"2","iconName":"mostly_sunny","iconLink":"https://weather.cit.api.here.com/static/weather/icon/2.png","ageMinutes":"18","activeAlerts":"0","country":"Spain","state":"Catalonia","city":"Barcelona","latitude":41.3888,"longitude":2.1590,"distance":14.05,"elevation":15.00,"utcTime":"2017-07-26T18:00:00.000+02:00"}],"country":"Spain","state":"Catalonia","city":"Barcelona","latitude":41.38879,"longitude":2.15899,"distance":0.00,"timezone":1},{"observation":[{"daylight":"D","description":"Overcast. Warm.","skyInfo":"18","skyDescription":"Overcast","temperature":"27.22","temperatureDesc":"Warm","comfort":"27.95","highTemperature":"*","lowTemperature":"*","humidity":"55","dewPoint":"17.28","precipitation1H":"*","precipitation3H":"0.00","precipitation6H":"*","precipitation12H":"*","precipitation24H":"*","precipitationDesc":"","airInfo":"*","airDescription":"","windSpeed":"16.68","windDirection":"180","windDesc":"South","windDescShort":"S","barometerPressure":"1013.80","barometerTrend":"Falling","visibility":"30.25","snowCover":"*","icon":"7","iconName":"cloudy","iconLink":"https://weather.cit.api.here.com/static/weather/icon/17.png","ageMinutes":"78","activeAlerts":"0","country":"Spain","state":"Catalonia","city":"Barcelona / Aeropuerto","latitude":41.2833,"longitude":2.0667,"distance":14.05,"elevation":4.00,"utcTime":"2017-07-26T17:00:00.000+02:00"}],"country":"Spain","state":"Catalonia","city":"Barcelona / Aeropuerto","latitude":41.2833,"longitude":2.0667,"distance":14.05,"timezone":1},{"observation":[{"daylight":"D","description":"Scattered clouds. Warm.","skyInfo":"9","skyDescription":"Scattered clouds","temperature":"26.00","temperatureDesc":"Warm","comfort":"26.98","highTemperature":"*","lowTemperature":"*","humidity":"61","dewPoint":"18.00","precipitation1H":"*","precipitation3H":"*","precipitation6H":"*","precipitation12H":"*","precipitation24H":"*","precipitationDesc":"","airInfo":"*","airDescription":"","windSpeed":"16.68","windDirection":"130","windDesc":"Southeast","windDescShort":"SE","barometerPressure":"1014.23","barometerTrend":"","visibility":"*","snowCover":"*","icon":"2","iconName":"mostly_sunny","iconLink":"https://weather.cit.api.here.com/static/weather/icon/2.png","ageMinutes":"18","activeAlerts":"0","country":"Spain","state":"Catalonia","city":"Sabadell Airport","latitude":41.5100,"longitude":2.1000,"distance":14.36,"elevation":182.00,"utcTime":"2017-07-26T18:00:00.000+02:00"}],"country":"Spain","state":"Catalonia","city":"Sabadell Airport","latitude":41.51,"longitude":2.1,"distance":14.36,"timezone":1},{"observation":[{"daylight":"D","description":"Passing clouds. Warm.","skyInfo":"7","skyDescription":"Passing clouds","temperature":"25.00","temperatureDesc":"Warm","comfort":"25.97","highTemperature":"*","lowTemperature":"*","humidity":"57","dewPoint":"16.00","precipitation1H":"*","precipitation3H":"*","precipitation6H":"*","precipitation12H":"*","precipitation24H":"*","precipitationDesc":"","airInfo":"*","airDescription":"","windSpeed":"16.68","windDirection":"180","windDesc":"South","windDescShort":"S","barometerPressure":"1013.21","barometerTrend":"","visibility":"*","snowCover":"*","icon":"2","iconName":"mostly_sunny","iconLink":"https://weather.cit.api.here.com/static/weather/icon/2.png","ageMinutes":"18","activeAlerts":"0","country":"Spain","state":"Catalonia","city":"Gerona / Costa Brava","latitude":41.9010,"longitude":2.7605,"distance":75.86,"elevation":129.00,"utcTime":"2017-07-26T18:00:00.000+02:00"}],"country":"Spain","state":"Catalonia","city":"Gerona / Costa Brava","latitude":41.901,"longitude":2.7605,"distance":75.86,"timezone":1},{"observation":[{"daylight":"D","description":"Overcast. Warm.","skyInfo":"18","skyDescription":"Overcast","temperature":"25.89","temperatureDesc":"Warm","comfort":"26.66","highTemperature":"*","lowTemperature":"*","humidity":"55","dewPoint":"16.22","precipitation1H":"*","precipitation3H":"0.00","precipitation6H":"*","precipitation12H":"*","precipitation24H":"*","precipitationDesc":"","airInfo":"*","airDescription":"","windSpeed":"18.53","windDirection":"200","windDesc":"South","windDescShort":"S","barometerPressure":"1012.50","barometerTrend":"Falling","visibility":"25.11","snowCover":"*","icon":"7","iconName":"cloudy","iconLink":"https://weather.cit.api.here.com/static/weather/icon/17.png","ageMinutes":"78","activeAlerts":"0","country":"Spain","state":"Catalonia","city":"Gerona / Costa Brava","latitude":41.9000,"longitude":2.7667,"distance":76.12,"elevation":123.00,"utcTime":"2017-07-26T17:00:00.000+02:00"}],"country":"Spain","state":"Catalonia","city":"Gerona / Costa Brava","latitude":41.9,"longitude":2.7667,"distance":76.12,"timezone":1},{"observation":[{"daylight":"D","description":"Partly sunny. Warm.","skyInfo":"14","skyDescription":"Partly sunny","temperature":"27.72","temperatureDesc":"Warm","comfort":"28.50","highTemperature":"*","lowTemperature":"*","humidity":"54","dewPoint":"17.61","precipitation1H":"*","precipitation3H":"0.00","precipitation6H":"*","precipitation12H":"*","precipitation24H":"*","precipitationDesc":"","airInfo":"*","airDescription":"","windSpeed":"14.83","windDirection":"130","windDesc":"Southeast","windDescShort":"SE","barometerPressure":"1013.20","barometerTrend":"Falling","visibility":"26.07","snowCover":"*","icon":"6","iconName":"mostly_cloudy","iconLink":"https://weather.cit.api.here.com/static/weather/icon/17.png","ageMinutes":"78","activeAlerts":"0","country":"Spain","state":"Catalonia","city":"Reus / Aeropuerto","latitude":41.1500,"longitude":1.1667,"distance":87.18,"elevation":73.00,"utcTime":"2017-07-26T17:00:00.000+02:00"}],"country":"Spain","state":"Catalonia","city":"Reus / Aeropuerto","latitude":41.15,"longitude":1.1667,"distance":87.18,"timezone":1},{"observation":[{"daylight":"D","description":"Sunny. Warm.","skyInfo":"1","skyDescription":"Sunny","temperature":"27.00","temperatureDesc":"Warm","comfort":"27.93","highTemperature":"*","lowTemperature":"*","humidity":"58","dewPoint":"18.00","precipitation1H":"*","precipitation3H":"*","precipitation6H":"*","precipitation12H":"*","precipitation24H":"*","precipitationDesc":"","airInfo":"*","airDescription":"","windSpeed":"11.12","windDirection":"0","windDesc":"North","windDescShort":"N","barometerPressure":"1013.21","barometerTrend":"","visibility":"16.09","snowCover":"*","icon":"1","iconName":"sunny","iconLink":"https://weather.cit.api.here.com/static/weather/icon/1.png","ageMinutes":"18","activeAlerts":"0","country":"Spain","state":"Catalonia","city":"Reus / Aeropuerto","latitude":41.1474,"longitude":1.1672,"distance":87.23,"elevation":76.00,"utcTime":"2017-07-26T18:00:00.000+02:00"}],"country":"Spain","state":"Catalonia","city":"Reus / Aeropuerto","latitude":41.1474,"longitude":1.1672,"distance":87.23,"timezone":1}]},"feedCreation":"2017-07-26T16:18:36.717Z","metric":true}]]>
            </line>
            <line>
              <![CDATA[*******************************************************************************************************************************]]>
            </line>
          </reporter-output>
        </test-method> <!-- getWeatherForCity -->
      </class> <!-- test.city.WeatherConditionsForCity -->
    </test> <!-- WeatherConditionsForCity -->
    <test name="WeatherAtSpecifiedCoordinatesOneObservation" duration-ms="578" started-at="2017-07-26T16:18:37Z" finished-at="2017-07-26T16:18:37Z">
      <class name="test.gps.WeatherConditionsByCoordinates">
        <test-method status="PASS" signature="setUp()[pri:0, instance:test.gps.WeatherConditionsByCoordinates@19dfb72a]" name="setUp" is-config="true" duration-ms="3" started-at="2017-07-26T19:18:37Z" finished-at="2017-07-26T19:18:37Z">
          <reporter-output>
          </reporter-output>
        </test-method> <!-- setUp -->
        <test-method status="PASS" signature="getWeatherAtSpecifiedCoordinatesOneObservation()[pri:0, instance:test.gps.WeatherConditionsByCoordinates@19dfb72a]" name="getWeatherAtSpecifiedCoordinatesOneObservation" duration-ms="574" started-at="2017-07-26T19:18:37Z" finished-at="2017-07-26T19:18:37Z">
          <reporter-output>
            <line>
              <![CDATA[Request URL: https://weather.cit.api.here.com/weather/1.0/report.json]]>
            </line>
            <line>
              <![CDATA[*******************************************************************************************************************************]]>
            </line>
            <line>
              <![CDATA[Response Body: {"observations":{"location":[{"observation":[{"daylight":"D","description":"Light rain. Cloudy. Mild.","skyInfo":"17","skyDescription":"Cloudy","temperature":"20.11","temperatureDesc":"Mild","comfort":"20.11","highTemperature":"24.70","lowTemperature":"13.90","humidity":"83","dewPoint":"17.11","precipitation1H":"*","precipitation3H":"0.00","precipitation6H":"*","precipitation12H":"*","precipitation24H":"*","precipitationDesc":"Light rain","airInfo":"*","airDescription":"","windSpeed":"11.12","windDirection":"230","windDesc":"Southwest","windDescShort":"SW","barometerPressure":"1011.60","barometerTrend":"Falling","visibility":"11.10","snowCover":"0.00","icon":"18","iconName":"sprinkles","iconLink":"https://weather.cit.api.here.com/static/weather/icon/27.png","ageMinutes":"78","activeAlerts":"0","country":"France","state":"Île-de-France","city":"Paris","latitude":48.8534,"longitude":2.3486,"distance":4.21,"elevation":0.00,"utcTime":"2017-07-26T17:00:00.000+02:00"}],"country":"France","state":"Île-de-France","city":"Paris","latitude":48.8534,"longitude":2.3486,"distance":0.00,"timezone":1}]},"feedCreation":"2017-07-26T16:18:37.724Z","metric":true}]]>
            </line>
            <line>
              <![CDATA[*******************************************************************************************************************************]]>
            </line>
          </reporter-output>
        </test-method> <!-- getWeatherAtSpecifiedCoordinatesOneObservation -->
      </class> <!-- test.gps.WeatherConditionsByCoordinates -->
    </test> <!-- WeatherAtSpecifiedCoordinatesOneObservation -->
    <test name="WeatherAtSpecifiedCoordinatesMultipleObservations" duration-ms="580" started-at="2017-07-26T16:18:37Z" finished-at="2017-07-26T16:18:38Z">
      <class name="test.gps.WeatherConditionsByCoordinates">
        <test-method status="PASS" signature="setUp()[pri:0, instance:test.gps.WeatherConditionsByCoordinates@71be98f5]" name="setUp" is-config="true" duration-ms="1" started-at="2017-07-26T19:18:37Z" finished-at="2017-07-26T19:18:37Z">
          <reporter-output>
          </reporter-output>
        </test-method> <!-- setUp -->
        <test-method status="PASS" signature="getWeatherAtSpecifiedCoordinatesMultipleObservations()[pri:1, instance:test.gps.WeatherConditionsByCoordinates@71be98f5]" name="getWeatherAtSpecifiedCoordinatesMultipleObservations" duration-ms="579" started-at="2017-07-26T19:18:37Z" finished-at="2017-07-26T19:18:38Z">
          <reporter-output>
            <line>
              <![CDATA[Request URL: https://weather.cit.api.here.com/weather/1.0/report.json]]>
            </line>
            <line>
              <![CDATA[*******************************************************************************************************************************]]>
            </line>
            <line>
              <![CDATA[Response Body: {"observations":{"location":[{"observation":[{"daylight":"D","description":"Passing clouds. Warm.","skyInfo":"7","skyDescription":"Passing clouds","temperature":"26.00","temperatureDesc":"Warm","comfort":"26.84","highTemperature":"25.90","lowTemperature":"21.20","humidity":"58","dewPoint":"17.00","precipitation1H":"*","precipitation3H":"*","precipitation6H":"*","precipitation12H":"*","precipitation24H":"*","precipitationDesc":"","airInfo":"*","airDescription":"","windSpeed":"16.68","windDirection":"170","windDesc":"South","windDescShort":"S","barometerPressure":"1013.21","barometerTrend":"","visibility":"*","snowCover":"*","icon":"2","iconName":"mostly_sunny","iconLink":"https://weather.cit.api.here.com/static/weather/icon/2.png","ageMinutes":"18","activeAlerts":"0","country":"Spain","state":"Catalonia","city":"Barcelona","latitude":41.3888,"longitude":2.1590,"distance":14.05,"elevation":15.00,"utcTime":"2017-07-26T18:00:00.000+02:00"}],"country":"Spain","state":"Catalonia","city":"Barcelona","latitude":41.38879,"longitude":2.15899,"distance":0.00,"timezone":1},{"observation":[{"daylight":"D","description":"Overcast. Warm.","skyInfo":"18","skyDescription":"Overcast","temperature":"27.22","temperatureDesc":"Warm","comfort":"27.95","highTemperature":"*","lowTemperature":"*","humidity":"55","dewPoint":"17.28","precipitation1H":"*","precipitation3H":"0.00","precipitation6H":"*","precipitation12H":"*","precipitation24H":"*","precipitationDesc":"","airInfo":"*","airDescription":"","windSpeed":"16.68","windDirection":"180","windDesc":"South","windDescShort":"S","barometerPressure":"1013.80","barometerTrend":"Falling","visibility":"30.25","snowCover":"*","icon":"7","iconName":"cloudy","iconLink":"https://weather.cit.api.here.com/static/weather/icon/17.png","ageMinutes":"78","activeAlerts":"0","country":"Spain","state":"Catalonia","city":"Barcelona / Aeropuerto","latitude":41.2833,"longitude":2.0667,"distance":14.05,"elevation":4.00,"utcTime":"2017-07-26T17:00:00.000+02:00"}],"country":"Spain","state":"Catalonia","city":"Barcelona / Aeropuerto","latitude":41.2833,"longitude":2.0667,"distance":14.05,"timezone":1},{"observation":[{"daylight":"D","description":"Scattered clouds. Warm.","skyInfo":"9","skyDescription":"Scattered clouds","temperature":"26.00","temperatureDesc":"Warm","comfort":"26.98","highTemperature":"*","lowTemperature":"*","humidity":"61","dewPoint":"18.00","precipitation1H":"*","precipitation3H":"*","precipitation6H":"*","precipitation12H":"*","precipitation24H":"*","precipitationDesc":"","airInfo":"*","airDescription":"","windSpeed":"16.68","windDirection":"130","windDesc":"Southeast","windDescShort":"SE","barometerPressure":"1014.23","barometerTrend":"","visibility":"*","snowCover":"*","icon":"2","iconName":"mostly_sunny","iconLink":"https://weather.cit.api.here.com/static/weather/icon/2.png","ageMinutes":"18","activeAlerts":"0","country":"Spain","state":"Catalonia","city":"Sabadell Airport","latitude":41.5100,"longitude":2.1000,"distance":14.36,"elevation":182.00,"utcTime":"2017-07-26T18:00:00.000+02:00"}],"country":"Spain","state":"Catalonia","city":"Sabadell Airport","latitude":41.51,"longitude":2.1,"distance":14.36,"timezone":1},{"observation":[{"daylight":"D","description":"Passing clouds. Warm.","skyInfo":"7","skyDescription":"Passing clouds","temperature":"25.00","temperatureDesc":"Warm","comfort":"25.97","highTemperature":"*","lowTemperature":"*","humidity":"57","dewPoint":"16.00","precipitation1H":"*","precipitation3H":"*","precipitation6H":"*","precipitation12H":"*","precipitation24H":"*","precipitationDesc":"","airInfo":"*","airDescription":"","windSpeed":"16.68","windDirection":"180","windDesc":"South","windDescShort":"S","barometerPressure":"1013.21","barometerTrend":"","visibility":"*","snowCover":"*","icon":"2","iconName":"mostly_sunny","iconLink":"https://weather.cit.api.here.com/static/weather/icon/2.png","ageMinutes":"18","activeAlerts":"0","country":"Spain","state":"Catalonia","city":"Gerona / Costa Brava","latitude":41.9010,"longitude":2.7605,"distance":75.86,"elevation":129.00,"utcTime":"2017-07-26T18:00:00.000+02:00"}],"country":"Spain","state":"Catalonia","city":"Gerona / Costa Brava","latitude":41.901,"longitude":2.7605,"distance":75.86,"timezone":1},{"observation":[{"daylight":"D","description":"Overcast. Warm.","skyInfo":"18","skyDescription":"Overcast","temperature":"25.89","temperatureDesc":"Warm","comfort":"26.66","highTemperature":"*","lowTemperature":"*","humidity":"55","dewPoint":"16.22","precipitation1H":"*","precipitation3H":"0.00","precipitation6H":"*","precipitation12H":"*","precipitation24H":"*","precipitationDesc":"","airInfo":"*","airDescription":"","windSpeed":"18.53","windDirection":"200","windDesc":"South","windDescShort":"S","barometerPressure":"1012.50","barometerTrend":"Falling","visibility":"25.11","snowCover":"*","icon":"7","iconName":"cloudy","iconLink":"https://weather.cit.api.here.com/static/weather/icon/17.png","ageMinutes":"78","activeAlerts":"0","country":"Spain","state":"Catalonia","city":"Gerona / Costa Brava","latitude":41.9000,"longitude":2.7667,"distance":76.12,"elevation":123.00,"utcTime":"2017-07-26T17:00:00.000+02:00"}],"country":"Spain","state":"Catalonia","city":"Gerona / Costa Brava","latitude":41.9,"longitude":2.7667,"distance":76.12,"timezone":1},{"observation":[{"daylight":"D","description":"Partly sunny. Warm.","skyInfo":"14","skyDescription":"Partly sunny","temperature":"27.72","temperatureDesc":"Warm","comfort":"28.50","highTemperature":"*","lowTemperature":"*","humidity":"54","dewPoint":"17.61","precipitation1H":"*","precipitation3H":"0.00","precipitation6H":"*","precipitation12H":"*","precipitation24H":"*","precipitationDesc":"","airInfo":"*","airDescription":"","windSpeed":"14.83","windDirection":"130","windDesc":"Southeast","windDescShort":"SE","barometerPressure":"1013.20","barometerTrend":"Falling","visibility":"26.07","snowCover":"*","icon":"6","iconName":"mostly_cloudy","iconLink":"https://weather.cit.api.here.com/static/weather/icon/17.png","ageMinutes":"78","activeAlerts":"0","country":"Spain","state":"Catalonia","city":"Reus / Aeropuerto","latitude":41.1500,"longitude":1.1667,"distance":87.18,"elevation":73.00,"utcTime":"2017-07-26T17:00:00.000+02:00"}],"country":"Spain","state":"Catalonia","city":"Reus / Aeropuerto","latitude":41.15,"longitude":1.1667,"distance":87.18,"timezone":1},{"observation":[{"daylight":"D","description":"Sunny. Warm.","skyInfo":"1","skyDescription":"Sunny","temperature":"27.00","temperatureDesc":"Warm","comfort":"27.93","highTemperature":"*","lowTemperature":"*","humidity":"58","dewPoint":"18.00","precipitation1H":"*","precipitation3H":"*","precipitation6H":"*","precipitation12H":"*","precipitation24H":"*","precipitationDesc":"","airInfo":"*","airDescription":"","windSpeed":"11.12","windDirection":"0","windDesc":"North","windDescShort":"N","barometerPressure":"1013.21","barometerTrend":"","visibility":"16.09","snowCover":"*","icon":"1","iconName":"sunny","iconLink":"https://weather.cit.api.here.com/static/weather/icon/1.png","ageMinutes":"18","activeAlerts":"0","country":"Spain","state":"Catalonia","city":"Reus / Aeropuerto","latitude":41.1474,"longitude":1.1672,"distance":87.23,"elevation":76.00,"utcTime":"2017-07-26T18:00:00.000+02:00"}],"country":"Spain","state":"Catalonia","city":"Reus / Aeropuerto","latitude":41.1474,"longitude":1.1672,"distance":87.23,"timezone":1}]},"feedCreation":"2017-07-26T16:18:38.295Z","metric":true}]]>
            </line>
            <line>
              <![CDATA[*******************************************************************************************************************************]]>
            </line>
          </reporter-output>
        </test-method> <!-- getWeatherAtSpecifiedCoordinatesMultipleObservations -->
      </class> <!-- test.gps.WeatherConditionsByCoordinates -->
    </test> <!-- WeatherAtSpecifiedCoordinatesMultipleObservations -->
  </suite> <!-- Here Weather -->
</testng-results>
