<?xml version="1.0" encoding="UTF-8"?>
<!-- Generated by org.testng.reporters.JUnitXMLReporter -->
<testsuite hostname="IEVD070" ignored="1" name="WeatherAtSpecifiedCoordinatesOneObservation" tests="1" failures="0" timestamp="26 Jul 2017 16:18:37 GMT" time="0.578" errors="0">
  <testcase name="getWeatherAtSpecifiedCoordinatesOneObservation" time="0.574" classname="test.gps.WeatherConditionsByCoordinates"/>
  <testcase name="getWeatherAtSpecifiedCoordinatesMultipleObservations" time="0.0" classname="test.gps.WeatherConditionsByCoordinates">
    <ignored/>
  </testcase> <!-- getWeatherAtSpecifiedCoordinatesMultipleObservations -->
</testsuite> <!-- WeatherAtSpecifiedCoordinatesOneObservation -->
