<?xml version="1.0" encoding="UTF-8"?>
<!-- Generated by org.testng.reporters.JUnitXMLReporter -->
<testsuite hostname="IEVD070" ignored="1" name="WeatherAtSpecifiedCoordinatesMultipleObservations" tests="1" failures="0" timestamp="26 Jul 2017 16:18:38 GMT" time="0.58" errors="0">
  <testcase name="getWeatherAtSpecifiedCoordinatesMultipleObservations" time="0.579" classname="test.gps.WeatherConditionsByCoordinates"/>
  <testcase name="getWeatherAtSpecifiedCoordinatesOneObservation" time="0.0" classname="test.gps.WeatherConditionsByCoordinates">
    <ignored/>
  </testcase> <!-- getWeatherAtSpecifiedCoordinatesOneObservation -->
</testsuite> <!-- WeatherAtSpecifiedCoordinatesMultipleObservations -->
